<?xml version="1.0" encoding="UTF-8"?>
<!-- Generated by org.testng.reporters.JUnitReportReporter -->
<testsuite hostname="Rajs-MacBook-Pro.local" failures="0" tests="1" name="alertsFrameAndWindows.FramesTests" time="7.351" errors="0" timestamp="2024-11-07T10:27:11 IST" skipped="0">
  <testcase classname="alertsFrameAndWindows.FramesTests" name="FramesTest" time="7.351"/>
  <system-out/>
</testsuite> <!-- alertsFrameAndWindows.FramesTests -->
