<?xml version="1.0" encoding="UTF-8"?>
<!-- Generated by org.testng.reporters.JUnitReportReporter -->
<testsuite hostname="Rajs-MacBook-Pro.local" failures="0" tests="1" name="ElementsTests.checkBoxTest" time="19.191" errors="0" timestamp="2024-10-27T15:31:05 IST" skipped="0">
  <testcase classname="ElementsTests.checkBoxTest" name="CheckBox" time="19.191"/>
  <system-out/>
</testsuite> <!-- ElementsTests.checkBoxTest -->
