<?xml version="1.0" encoding="UTF-8"?>
<!-- Generated by org.testng.reporters.JUnitReportReporter -->
<testsuite hostname="Rajs-MacBook-Pro.local" failures="0" tests="1" name="alertsFrameAndWindows.AlertsTest" time="11.493" errors="0" timestamp="2024-11-07T08:33:24 IST" skipped="0">
  <testcase classname="alertsFrameAndWindows.AlertsTest" name="AlertTests" time="11.493"/>
  <system-out/>
</testsuite> <!-- alertsFrameAndWindows.AlertsTest -->
