<?xml version="1.0" encoding="UTF-8"?>
<!-- Generated by org.testng.reporters.JUnitReportReporter -->
<testsuite hostname="Rajs-MacBook-Pro.local" failures="0" tests="1" name="widgets.AutoCompleteTests" time="6.425" errors="0" timestamp="2024-11-07T19:50:56 IST" skipped="0">
  <testcase classname="widgets.AutoCompleteTests" name="AutoCompleteTest" time="6.425"/>
  <system-out/>
</testsuite> <!-- widgets.AutoCompleteTests -->
