<?xml version="1.0" encoding="UTF-8"?>
<!-- Generated by org.testng.reporters.JUnitReportReporter -->
<testsuite hostname="Rajs-MacBook-Pro.local" failures="0" tests="1" name="ElementsTests.BrokenLInksImagesTest" time="7.271" errors="0" timestamp="2024-11-05T11:40:43 IST" skipped="0">
  <testcase classname="ElementsTests.BrokenLInksImagesTest" name="BrokenLinkTest" time="7.271"/>
  <system-out/>
</testsuite> <!-- ElementsTests.BrokenLInksImagesTest -->
