<?xml version="1.0" encoding="UTF-8"?>
<!-- Generated by org.testng.reporters.JUnitReportReporter -->
<testsuite hostname="Rajs-MacBook-Pro.local" failures="0" tests="1" name="widgets.SelectMenuTests" time="8.480" errors="0" timestamp="2024-11-12T16:42:03 IST" skipped="0">
  <testcase classname="widgets.SelectMenuTests" name="SelectMenuTest" time="8.480"/>
  <system-out/>
</testsuite> <!-- widgets.SelectMenuTests -->
