<?xml version="1.0" encoding="UTF-8"?>
<!-- Generated by org.testng.reporters.JUnitReportReporter -->
<testsuite hostname="Rajs-MacBook-Pro.local" failures="0" tests="1" name="ElementsTests.DynamicPropertiesTest" time="13.210" errors="0" timestamp="2024-11-05T21:30:19 IST" skipped="0">
  <testcase classname="ElementsTests.DynamicPropertiesTest" name="DynamicPropTest" time="13.210"/>
  <system-out/>
</testsuite> <!-- ElementsTests.DynamicPropertiesTest -->
