<?xml version="1.0" encoding="UTF-8"?>
<!-- Generated by org.testng.reporters.JUnitReportReporter -->
<testsuite hostname="Rajs-MacBook-Pro.local" failures="0" tests="1" name="ElementsTests.linksTest" time="15.331" errors="0" timestamp="2024-10-30T14:53:45 IST" skipped="0">
  <testcase classname="ElementsTests.linksTest" name="LinksTest" time="15.331"/>
  <system-out/>
</testsuite> <!-- ElementsTests.linksTest -->
