<?xml version="1.0" encoding="UTF-8"?>
<!-- Generated by org.testng.reporters.JUnitReportReporter -->
<testsuite hostname="Rajs-MacBook-Pro.local" failures="0" tests="1" name="alertsFrameAndWindows.ModalDialogTests" time="6.727" errors="0" timestamp="2024-11-07T14:04:23 IST" skipped="0">
  <testcase classname="alertsFrameAndWindows.ModalDialogTests" name="ModalTest" time="6.727"/>
  <system-out/>
</testsuite> <!-- alertsFrameAndWindows.ModalDialogTests -->
