<?xml version="1.0" encoding="UTF-8"?>
<!-- Generated by org.testng.reporters.JUnitReportReporter -->
<testsuite hostname="Rajs-MacBook-Pro.local" failures="0" tests="1" name="widgets.SliderTests" time="7.123" errors="0" timestamp="2024-11-08T14:03:21 IST" skipped="0">
  <testcase classname="widgets.SliderTests" name="SliderTest" time="7.123"/>
  <system-out/>
</testsuite> <!-- widgets.SliderTests -->
