<?xml version="1.0" encoding="UTF-8"?>
<!-- Generated by org.testng.reporters.JUnitReportReporter -->
<testsuite hostname="Rajs-MacBook-Pro.local" failures="0" tests="1" name="widgets.AccordianTests" time="7.976" errors="0" timestamp="2024-11-07T14:25:27 IST" skipped="0">
  <testcase classname="widgets.AccordianTests" name="AccordianTest" time="7.976"/>
  <system-out/>
</testsuite> <!-- widgets.AccordianTests -->
