<?xml version="1.0" encoding="UTF-8"?>
<!-- Generated by org.testng.reporters.JUnitReportReporter -->
<testsuite hostname="Rajs-MacBook-Pro.local" failures="0" tests="1" name="ElementsTests.FileUploadNdDownloadTest" time="6.713" errors="0" timestamp="2024-11-05T13:56:46 IST" skipped="0">
  <testcase classname="ElementsTests.FileUploadNdDownloadTest" name="FileDownloadtest" time="6.713"/>
  <system-out/>
</testsuite> <!-- ElementsTests.FileUploadNdDownloadTest -->
