<?xml version="1.0" encoding="UTF-8"?>
<!-- Generated by org.testng.reporters.JUnitReportReporter -->
<testsuite hostname="Rajs-MacBook-Pro.local" failures="0" tests="1" name="ElementsTests.buttonsTest" time="149.245" errors="0" timestamp="2024-10-29T20:10:37 IST" skipped="0">
  <testcase classname="ElementsTests.buttonsTest" name="ButtonsTest" time="149.245"/>
  <system-out/>
</testsuite> <!-- ElementsTests.buttonsTest -->
