<?xml version="1.0" encoding="UTF-8"?>
<!-- Generated by org.testng.reporters.JUnitReportReporter -->
<testsuite hostname="Rajs-MacBook-Pro.local" failures="0" tests="1" name="widgets.MenuTests" time="12.185" errors="0" timestamp="2024-11-10T20:23:00 IST" skipped="0">
  <testcase classname="widgets.MenuTests" name="MenuTest" time="12.185"/>
  <system-out/>
</testsuite> <!-- widgets.MenuTests -->
