<?xml version="1.0" encoding="UTF-8"?>
<!-- Generated by org.testng.reporters.JUnitReportReporter -->
<testsuite hostname="Rajs-MacBook-Pro.local" failures="0" tests="1" name="alertsFrameAndWindows.NestedFrameTest" time="7.759" errors="0" timestamp="2024-11-07T12:56:47 IST" skipped="0">
  <testcase classname="alertsFrameAndWindows.NestedFrameTest" name="NestedFramesTest" time="7.759"/>
  <system-out/>
</testsuite> <!-- alertsFrameAndWindows.NestedFrameTest -->
