<?xml version="1.0" encoding="UTF-8"?>
<!-- Generated by org.testng.reporters.JUnitReportReporter -->
<testsuite hostname="Rajs-MacBook-Pro.local" failures="0" tests="1" name="widgets.ProgressBarTests" time="16.768" errors="0" timestamp="2024-11-08T16:31:44 IST" skipped="0">
  <testcase classname="widgets.ProgressBarTests" name="ProgressBarTest" time="16.768"/>
  <system-out/>
</testsuite> <!-- widgets.ProgressBarTests -->
