<?xml version="1.0" encoding="UTF-8"?>
<!-- Generated by org.testng.reporters.JUnitReportReporter -->
<testsuite hostname="Rajs-MacBook-Pro.local" failures="0" tests="1" name="ElementsTests.WebTablesTest" time="8.645" errors="0" timestamp="2024-11-05T23:14:47 IST" skipped="0">
  <testcase classname="ElementsTests.WebTablesTest" name="FillForm" time="8.645"/>
  <system-out/>
</testsuite> <!-- ElementsTests.WebTablesTest -->
