<?xml version="1.0" encoding="UTF-8"?>
<!-- Generated by org.testng.reporters.JUnitReportReporter -->
<testsuite hostname="Rajs-MacBook-Pro.local" failures="0" tests="1" name="ElementsTests.radioButtonTest" time="11.993" errors="0" timestamp="2024-10-28T12:20:38 IST" skipped="0">
  <testcase classname="ElementsTests.radioButtonTest" name="RadioBtnTest" time="11.993"/>
  <system-out/>
</testsuite> <!-- ElementsTests.radioButtonTest -->
