<?xml version="1.0" encoding="UTF-8"?>
<!-- Generated by org.testng.reporters.JUnitReportReporter -->
<testsuite hostname="Rajs-MacBook-Pro.local" failures="0" tests="1" name="interactionsTests.SortableTests" time="6.377" errors="0" timestamp="2024-11-12T17:52:44 IST" skipped="0">
  <testcase classname="interactionsTests.SortableTests" name="SortableTest" time="6.377"/>
  <system-out/>
</testsuite> <!-- interactionsTests.SortableTests -->
