<?xml version="1.0" encoding="UTF-8"?>
<!-- Generated by org.testng.reporters.JUnitReportReporter -->
<testsuite hostname="Rajs-MacBook-Pro.local" failures="0" tests="1" name="widgets.ToolTipTests" time="14.844" errors="0" timestamp="2024-11-08T18:27:09 IST" skipped="0">
  <testcase classname="widgets.ToolTipTests" name="ToolTipTest" time="14.844"/>
  <system-out/>
</testsuite> <!-- widgets.ToolTipTests -->
